[62020] IT Consultancy...
  → 300 total companies so far (3 requests)
[62090] Other IT Services...
  → 569 total companies so far (6 requests)
[62012] Business & IT Software...
  → 822 total companies so far (9 requests)
[62011] Software Development...
  → 1115 total companies so far (12 requests)
[95110] Computer Repair...
  → 1406 total companies so far (15 requests)
[86230] Dental Practice...
  → 1706 total companies so far (18 requests)
[86210] General Medical Practice...
  → 2005 total companies so far (21 requests)
[86900] Other Health Activities...
  → 2303 total companies so far (24 requests)
[87100] Residential Nursing Care...
  → 2601 total companies so far (27 requests)
[87300] Residential Care (Elderly/Disabled)...
  → 2861 total companies so far (30 requests)
[87900] Other Residential Care...
  → 3109 total companies so far (33 requests)
[88100] Social Work (Elderly/Disabled)...
  → 3380 total companies so far (36 requests)
[81100] Facilities Management...
  → 3680 total companies so far (39 requests)
[81210] General Cleaning...
  → 3968 total companies so far (42 requests)
[81220] Industrial Cleaning...
  Error: HTTP Error 404: Not Found
  → 3968 total companies so far (43 requests)
[81291] Pest Control...
  → 4264 total companies so far (46 requests)
[81299] Other Cleaning...
  → 4521 total companies so far (49 requests)
[80100] Private Security...
  → 4802 total companies so far (52 requests)
[80200] Security Systems...
  → 5080 total companies so far (55 requests)
[69201] Accounting & Auditing...
  → 5378 total companies so far (58 requests)
[69202] Tax Consultancy...
  → 5617 total companies so far (61 requests)
[69203] Bookkeeping...
  → 5828 total companies so far (64 requests)
[69101] Legal Activities...
  → 6127 total companies so far (67 requests)
[70210] Public Relations...
  → 6424 total companies so far (70 requests)
[70229] Management Consultancy...
  → 6705 total companies so far (73 requests)
[78200] Temporary Employment Agency...
  → 6966 total companies so far (76 requests)
[78100] Employment Placement...
  Error: HTTP Error 404: Not Found
  → 6966 total companies so far (77 requests)
[85100] Pre-primary Education...
  → 7265 total companies so far (80 requests)
[85200] Primary Education...
  → 7534 total companies so far (83 requests)
[85310] General Secondary Education...
  → 7721 total companies so far (86 requests)
[85590] Other Education NEC...
  → 7985 total companies so far (89 requests)
[85600] Educational Support...
  → 8232 total companies so far (92 requests)
[43210] Electrical Installation...
  → 8531 total companies so far (95 requests)
[43220] Plumbing, Heating, AC...
  → 8797 total companies so far (98 requests)
[43290] Other Construction Installation...
  → 9077 total companies so far (101 requests)
[43310] Plastering...
  → 9368 total companies so far (104 requests)
[43320] Joinery Installation...
  → 9646 total companies so far (107 requests)
[43341] Painting...
  → 9894 total companies so far (110 requests)
[43390] Other Building Completion...
  → 10146 total companies so far (113 requests)

Done: 10146 companies from 113 requests
